<?xml version="1.0" encoding="UTF-8"?>
<!-- Generated by org.testng.reporters.JUnitReportReporter -->
<testsuite hostname="DJ" failures="0" tests="1" name="scripting.TestCase1" time="32.450" errors="0" timestamp="2022-12-04T10:04:43 IST" skipped="0">
  <testcase classname="scripting.TestCase1" name="tc1" time="32.450"/>
  <system-out/>
</testsuite> <!-- scripting.TestCase1 -->
